
> quran-school-frontend@1.0.0 dev
> next dev -p 3001

   ▲ Next.js 14.1.0
   - Local:        http://localhost:3001

 ✓ Ready in 2.6s
 ○ Compiling / ...
 ✓ Compiled / in 6.1s (494 modules)
 ✓ Compiled in 517ms (251 modules)
 ○ Compiling /login ...
 ✓ Compiled /login in 1876ms (679 modules)
 ○ Compiling /dashboard ...
 ✓ Compiled /dashboard in 1461ms (712 modules)
 ○ Compiling /dashboard/admin ...
 ✓ Compiled /dashboard/admin in 640ms (720 modules)
 ○ Compiling /dashboard/missions ...
 ✓ Compiled /dashboard/missions in 810ms (734 modules)
 ○ Compiling /dashboard/evaluations ...
 ✓ Compiled /dashboard/evaluations in 2.2s (1860 modules)
 ○ Compiling /dashboard/leaderboard ...
 ✓ Compiled /dashboard/leaderboard in 866ms (1868 modules)
 ○ Compiling /dashboard/sessions ...
 ✓ Compiled /dashboard/sessions in 1179ms (1869 modules)
 ○ Compiling /dashboard/messages ...
 ✓ Compiled /dashboard/messages in 560ms (1877 modules)
 ○ Compiling /dashboard/parent ...
 ✓ Compiled /dashboard/parent in 2.4s (1887 modules)
 ✓ Compiled in 1115ms (911 modules)
 ○ Compiling / ...
 ✓ Compiled / in 857ms (983 modules)
 ○ Compiling /login ...
 ✓ Compiled /login in 582ms (987 modules)
 ✓ Compiled /dashboard in 208ms (986 modules)
 ✓ Compiled /dashboard/admin in 216ms (991 modules)
 ✓ Compiled /dashboard/sessions in 385ms (996 modules)
 ○ Compiling /dashboard/sessions/[id] ...
 ✓ Compiled /dashboard/sessions/[id] in 1551ms (1401 modules)
 ○ Compiling /not-found ...
 ✓ Compiled /not-found in 1123ms (1385 modules)
 ✓ Compiled in 2.2s (1347 modules)
 ✓ Compiled in 435ms (923 modules)
 ✓ Compiled in 1111ms (1347 modules)
 ✓ Compiled in 862ms (1347 modules)
 ○ Compiling /not-found ...
 ✓ Compiled /not-found in 1453ms (1338 modules)
 ○ Compiling / ...
 ✓ Compiled / in 834ms (431 modules)
 ✓ Compiled /dashboard in 307ms (430 modules)
 ✓ Compiled /dashboard/admin in 187ms (435 modules)
 ○ Compiling /dashboard/evaluations ...
 ✓ Compiled /dashboard/evaluations in 646ms (989 modules)
 ✓ Compiled /dashboard/missions in 252ms (996 modules)
 ○ Compiling /dashboard/mushaf ...
 ✓ Compiled /dashboard/mushaf in 1193ms (1922 modules)
 ✓ Compiled in 364ms (926 modules)
 ○ Compiling /dashboard/exams ...
 ✓ Compiled /dashboard/exams in 1397ms (1908 modules)
 ○ Compiling /dashboard/groups ...
 ✓ Compiled /dashboard/groups in 1276ms (1914 modules)
 ○ Compiling /dashboard/groups/[id] ...
 ✓ Compiled /dashboard/groups/[id] in 1045ms (1918 modules)
 ○ Compiling /dashboard/levels ...
 ✓ Compiled /dashboard/levels in 1040ms (1921 modules)
 ○ Compiling /dashboard/students ...
 ✓ Compiled /dashboard/students in 1153ms (1364 modules)
 ○ Compiling /dashboard/progress ...
 ✓ Compiled /dashboard/progress in 965ms (1366 modules)
 ✓ Compiled /dashboard/leaderboard in 339ms (421 modules)
 ○ Compiling /dashboard/mosque/communication ...
 ✓ Compiled /dashboard/mosque/communication in 875ms (1369 modules)
 ○ Compiling /dashboard/mosque/events ...
 ✓ Compiled /dashboard/mosque/events in 749ms (1371 modules)
 ○ Compiling /dashboard/mosque/volunteering ...
 ✓ Compiled /dashboard/mosque/volunteering in 776ms (1373 modules)
 ○ Compiling /dashboard/mosque/donations ...
 ✓ Compiled /dashboard/mosque/donations in 806ms (1373 modules)
 ○ Compiling /dashboard/mosque/prayer-times ...
 ✓ Compiled /dashboard/mosque/prayer-times in 659ms (1376 modules)
 ○ Compiling /dashboard/payments ...
 ✓ Compiled /dashboard/payments in 838ms (1379 modules)
 ○ Compiling /dashboard/users ...
 ✓ Compiled /dashboard/users in 1021ms (1389 modules)
 ○ Compiling /dashboard/missions ...
 ✓ Compiled /dashboard/missions in 618ms (420 modules)
 ○ Compiling /dashboard/sessions ...
 ✓ Compiled /dashboard/sessions in 571ms (420 modules)
 ○ Compiling /dashboard/sessions/[id] ...
 ✓ Compiled /dashboard/sessions/[id] in 580ms (431 modules)
 ✓ Compiled in 5.1s (1393 modules)
